2021-11-01 14:53:59,890: Experiment #1: Duffing oscillator
2021-11-01 14:53:59,890: polynomial
2021-11-01 14:53:59,891: iter, nsamps, kldiv, eps, time (s)
2021-11-01 14:55:25,632: 0, 4000, 166.2,0.0842,85.741
2021-11-01 14:55:45,593: 1, 5000, 166.08,0.0704,19.961
2021-11-01 14:56:05,278: 2, 6000, 167.07,0.0612,19.684
2021-11-01 14:56:25,263: 3, 7000, 166.6,0.0542,19.985
2021-11-01 14:56:44,487: 4, 8000, 166.74,0.0489,19.224
2021-11-01 14:56:44,488: total computation time: 164.6 s
2021-11-01 14:56:44,488: squared exponential (Nystrom)
2021-11-01 14:56:44,488: iter, nsamps, kldiv, eps, time (s)
2021-11-01 15:00:12,551: 0, 8000, 659.11,0.128,208.06
2021-11-01 18:13:53,668: 1, 9000, 677.17,0.118,86.936
2021-11-01 18:15:20,347: 2, 10000, 696.02,0.11,86.679
2021-11-01 18:16:51,010: 3, 11000, 711.52,0.103,90.663
2021-11-01 18:18:23,088: 4, 12000, 725.79,0.0966,92.078
2021-11-01 18:19:55,623: 5, 13000, 740.04,0.0914,92.534
2021-11-01 18:21:34,336: 6, 14000, 752.11,0.0867,98.71
2021-11-01 18:23:20,059: 7, 15000, 764.12,0.0826,105.72
2021-11-01 18:25:16,576: 8, 16000, 776.22,0.079,116.52
2021-11-01 18:27:18,548: 9, 17000, 786.76,0.0757,121.97
2021-11-01 18:29:26,968: 10, 18000, 797.27,0.0728,128.42
2021-11-01 18:31:40,475: 11, 19000, 806.54,0.07,133.5
2021-11-01 18:33:44,592: 12, 20000, 816.4,0.0676,124.12
2021-11-01 18:35:46,056: 13, 21000, 825.35,0.0653,121.46
2021-11-01 18:37:51,257: 14, 22000, 833.83,0.0632,125.2
2021-11-01 18:40:07,436: 15, 23000, 842.03,0.0613,136.18
2021-11-01 18:57:55,938: Experiment #1: Duffing oscillator
2021-11-01 18:57:55,941: polynomial
2021-11-01 18:57:55,941: iter, nsamps, kldiv, eps, time (s)
2021-11-01 18:58:49,088: 0, 4000, 168.52,0.0857,53.147
2021-11-01 18:59:02,730: 1, 5000, 168.09,0.0713,13.642
2021-11-01 18:59:16,379: 2, 6000, 167.55,0.0614,13.648
2021-11-01 18:59:30,064: 3, 7000, 167.36,0.0543,13.684
2021-11-01 18:59:43,383: 4, 8000, 167.14,0.0488,13.319
2021-11-01 18:59:43,384: total computation time: 107.44 s
2021-11-01 18:59:43,384: squared exponential (Nystrom)
2021-11-01 18:59:43,384: iter, nsamps, kldiv, eps, time (s)
2021-11-01 19:02:12,712: 0, 8000, 655.58,0.128,149.33
2021-11-01 19:03:14,585: 1, 9000, 675.06,0.118,61.872
2021-11-01 19:04:18,776: 2, 10000, 691.09,0.109,64.191
2021-11-01 19:05:24,963: 3, 11000, 707.38,0.102,66.186
2021-11-01 19:06:35,223: 4, 12000, 722.36,0.0962,70.26
2021-11-01 19:07:49,262: 5, 13000, 735.69,0.091,74.039
2021-11-01 19:09:07,737: 6, 14000, 748.54,0.0864,78.475
2021-11-01 19:10:30,354: 7, 15000, 761.33,0.0824,82.616
2021-11-01 19:11:57,662: 8, 16000, 772.14,0.0787,87.307
2021-11-01 19:13:27,735: 9, 17000, 783.64,0.0754,90.073
2021-11-01 19:15:01,095: 10, 18000, 794.03,0.0725,93.36
2021-11-01 19:16:37,985: 11, 19000, 803.6,0.0698,96.889
2021-11-01 19:18:18,891: 12, 20000, 812.76,0.0673,100.91
2021-11-01 19:20:04,213: 13, 21000, 822.22,0.0651,105.32
2021-11-01 19:21:53,522: 14, 22000, 830.34,0.063,109.31
2021-11-01 19:23:46,609: 15, 23000, 839.09,0.0611,113.09
2021-11-01 19:25:43,658: 16, 24000, 847.18,0.0593,117.05
2021-11-01 19:27:44,984: 17, 25000, 855.24,0.0577,121.33
2021-11-01 19:29:50,377: 18, 26000, 862.86,0.0561,125.39
2021-11-01 19:32:00,108: 19, 27000, 870.02,0.0547,129.73
2021-11-01 19:34:14,350: 20, 28000, 876.82,0.0533,134.24
2021-11-01 19:36:31,975: 21, 29000, 883.45,0.052,137.63
2021-11-01 19:38:53,791: 22, 30000, 889.86,0.0508,141.82
2021-11-01 19:41:18,449: 23, 31000, 896.47,0.0496,144.66
2021-11-01 19:41:18,449: total computation time: 2495.1 s
2021-11-01 19:41:18,452: Plotting data and contour
2021-11-02 01:30:17,458: Experiment #1: Duffing oscillator
2021-11-02 01:30:17,459: polynomial
2021-11-02 01:30:17,459: iter, nsamps, kldiv, eps, time (s)
2021-11-02 01:31:12,161: 0, 4000, 167.67,0.0857,54.701
2021-11-02 01:31:25,629: 1, 5000, 168.54,0.0718,13.468
2021-11-02 01:31:39,194: 2, 6000, 168.57,0.0621,13.565
2021-11-02 01:31:52,737: 3, 7000, 168.38,0.0552,13.542
2021-11-02 01:32:06,304: 4, 8000, 168.46,0.0494,13.567
2021-11-02 01:32:06,304: total computation time: 108.84 s
2021-11-02 01:32:06,304: squared exponential (Nystrom)
2021-11-02 01:32:06,304: iter, nsamps, kldiv, eps, time (s)
2021-11-02 01:34:33,469: 0, 8000, 654.77,0.128,147.16
2021-11-02 01:35:31,237: 1, 9000, 675.34,0.118,57.768
2021-11-02 01:36:32,987: 2, 10000, 693.3,0.11,61.75
2021-11-02 01:37:39,236: 3, 11000, 710.64,0.103,66.249
2021-11-02 01:38:49,797: 4, 12000, 725.16,0.0966,70.56
2021-11-02 01:40:04,324: 5, 13000, 738.38,0.0912,74.527
2021-11-02 01:41:22,907: 6, 14000, 751.16,0.0866,78.583
2021-11-02 01:42:45,842: 7, 15000, 762.97,0.0825,82.934
2021-11-02 01:44:13,083: 8, 16000, 774.19,0.0788,87.241
2021-11-02 01:45:43,031: 9, 17000, 784.69,0.0755,89.948
2021-11-02 01:47:16,360: 10, 18000, 795.46,0.0726,93.328
2021-11-02 01:48:53,747: 11, 19000, 804.67,0.0699,97.387
2021-11-02 01:50:35,047: 12, 20000, 814.21,0.0674,101.3
2021-11-02 01:52:21,783: 13, 21000, 823.11,0.0651,106.74
2021-11-02 01:54:11,100: 14, 22000, 830.95,0.063,109.32
2021-11-02 01:56:04,732: 15, 23000, 838.56,0.061,113.63
2021-11-02 01:58:04,443: 16, 24000, 846.5,0.0593,119.71
2021-11-02 02:00:20,744: 17, 25000, 855.05,0.0576,136.3
2021-11-02 02:02:26,849: 18, 26000, 861.85,0.0561,126.1
2021-11-02 02:04:36,323: 19, 27000, 869.31,0.0546,129.47
2021-11-02 02:06:50,400: 20, 28000, 875.96,0.0532,134.08
2021-11-02 02:09:08,002: 21, 29000, 882.61,0.0519,137.6
2021-11-02 02:11:29,899: 22, 30000, 888.97,0.0507,141.9
2021-11-02 02:13:55,284: 23, 31000, 895.24,0.0496,145.38
2021-11-02 02:13:55,284: total computation time: 2509 s
2021-11-02 02:13:55,284: Plotting data and contour
2021-11-02 02:26:09,072: Experiment #2: Quadrotor (x,h)
2021-11-02 02:26:09,072: polynomial
2021-11-02 02:26:09,073: iter, nsamps, kldiv, eps, time (s)
2021-11-02 02:26:18,186: 0, 4000, 194.99,0.103,9.1136
2021-11-02 02:26:20,525: 1, 5000, 195.68,0.0867,2.3385
2021-11-02 02:26:22,921: 2, 6000, 193.82,0.0748,2.395
2021-11-02 02:26:25,303: 3, 7000, 194.04,0.0668,2.3823
2021-11-02 02:26:27,690: 4, 8000, 193.81,0.0604,2.3861
2021-11-02 02:26:30,102: 5, 9000, 194.69,0.0558,2.4125
2021-11-02 02:26:32,524: 6, 10000, 195.14,0.0518,2.4211
2021-11-02 02:26:34,983: 7, 11000, 195.9,0.0488,2.4592
2021-11-02 02:26:34,984: total computation time: 25.911 s
2021-11-02 02:26:34,984: squared exponential (Nystrom)
2021-11-02 02:26:34,984: iter, nsamps, kldiv, eps, time (s)
2021-11-02 02:27:33,115: 0, 8000, 855.62,0.161,58.131
2021-11-02 02:28:19,700: 1, 9000, 882.73,0.149,46.585
2021-11-02 02:29:10,218: 2, 10000, 907.85,0.139,50.518
2021-11-02 02:30:04,904: 3, 11000, 931.67,0.13,54.686
2021-11-02 02:31:03,791: 4, 12000, 953.42,0.123,58.886
2021-11-02 02:32:07,388: 5, 13000, 971.03,0.116,63.596
2021-11-02 02:33:14,627: 6, 14000, 989.31,0.11,67.239
2021-11-02 02:34:25,998: 7, 15000, 1006.3,0.105,71.371
2021-11-02 02:35:41,924: 8, 16000, 1020,0.1,75.926
2021-11-02 02:37:00,101: 9, 17000, 1036.1,0.0963,78.177
2021-11-02 02:38:22,207: 10, 18000, 1050,0.0925,82.106
2021-11-02 02:39:48,402: 11, 19000, 1065.8,0.0893,86.195
2021-11-02 02:41:18,613: 12, 20000, 1078.8,0.0861,90.21
2021-11-02 02:42:52,655: 13, 21000, 1091.4,0.0833,94.042
2021-11-02 02:44:31,071: 14, 22000, 1102.6,0.0806,98.415
2021-11-02 02:46:13,344: 15, 23000, 1114.2,0.0781,102.27
2021-11-02 02:47:59,414: 16, 24000, 1125.2,0.0758,106.07
2021-11-02 02:49:49,617: 17, 25000, 1135.7,0.0737,110.2
2021-11-02 02:51:44,001: 18, 26000, 1145.1,0.0717,114.38
2021-11-02 02:53:42,290: 19, 27000, 1155.9,0.0699,118.29
2021-11-02 02:55:44,730: 20, 28000, 1166,0.0681,122.44
2021-11-02 02:57:50,986: 21, 29000, 1175.1,0.0665,126.26
2021-11-02 03:00:01,231: 22, 30000, 1184.5,0.065,130.24
2021-11-02 03:02:15,656: 23, 31000, 1193.3,0.0635,134.42
2021-11-02 03:04:34,183: 24, 32000, 1202.5,0.0621,138.53
2021-11-02 03:06:56,234: 25, 33000, 1210.3,0.0608,142.05
2021-11-02 03:09:22,275: 26, 34000, 1217.8,0.0595,146.04
2021-11-02 03:11:52,538: 27, 35000, 1225.8,0.0583,150.26
2021-11-02 03:14:26,878: 28, 36000, 1233,0.0572,154.34
2021-11-02 03:17:05,158: 29, 37000, 1240.7,0.0561,158.28
2021-11-02 03:19:46,827: 30, 38000, 1248.5,0.0551,161.67
2021-11-02 03:22:33,401: 31, 39000, 1255.2,0.0541,166.57
2021-11-02 03:25:23,718: 32, 40000, 1262.8,0.0532,170.32
2021-11-02 03:28:17,874: 33, 41000, 1270.2,0.0523,174.16
2021-11-02 03:31:16,114: 34, 42000, 1276.7,0.0514,178.24
2021-11-02 03:34:18,571: 35, 43000, 1283.5,0.0506,182.46
2021-11-02 03:37:25,537: 36, 44000, 1290,0.0498,186.97
2021-11-02 03:37:25,538: total computation time: 4250.6 s
2021-11-02 03:37:25,538: Plotting data and contour
2021-11-02 03:54:26,553: Experiment #3: Traffic (last 2)
2021-11-02 03:54:26,553: polynomial
2021-11-02 03:54:26,553: iter, nsamps, kldiv, eps, time (s)
2021-11-02 03:54:38,557: 0, 4000, 150.29,0.0745,12.003
2021-11-02 03:54:41,535: 1, 5000, 150.07,0.0617,2.9779
2021-11-02 03:54:44,529: 2, 6000, 150.49,0.053,2.9934
2021-11-02 03:54:47,592: 3, 7000, 151.06,0.0469,3.0625
2021-11-02 03:54:47,592: total computation time: 21.038 s
2021-11-02 03:54:47,592: squared exponential (Nystrom)
2021-11-02 03:54:47,592: iter, nsamps, kldiv, eps, time (s)
2021-11-02 03:55:51,059: 0, 8000, 764.63,0.146,63.467
2021-11-02 03:56:38,369: 1, 9000, 789.64,0.135,47.31
2021-11-02 03:57:29,666: 2, 10000, 810.06,0.125,51.296
2021-11-02 03:58:24,910: 3, 11000, 828.45,0.117,55.244
2021-11-02 03:59:24,355: 4, 12000, 844.66,0.11,59.445
2021-11-02 04:00:27,910: 5, 13000, 861.3,0.104,63.554
2021-11-02 04:01:35,967: 6, 14000, 875.95,0.099,68.057
2021-11-02 04:02:48,737: 7, 15000, 890.22,0.0944,72.769
2021-11-02 04:04:05,434: 8, 16000, 904.97,0.0903,76.697
2021-11-02 04:05:24,322: 9, 17000, 918.01,0.0866,78.888
2021-11-02 04:06:47,317: 10, 18000, 928.89,0.0831,82.994
2021-11-02 04:08:14,251: 11, 19000, 940.35,0.08,86.934
2021-11-02 04:09:45,004: 12, 20000, 951.44,0.0772,90.752
2021-11-02 04:11:19,892: 13, 21000, 962.73,0.0746,94.888
2021-11-02 04:12:58,828: 14, 22000, 972.51,0.0722,98.935
2021-11-02 04:14:41,862: 15, 23000, 982.51,0.07,103.03
2021-11-02 04:16:29,158: 16, 24000, 990.62,0.0679,107.3
2021-11-02 04:18:20,035: 17, 25000, 999.85,0.066,110.88
2021-11-02 04:20:14,845: 18, 26000, 1008,0.0641,114.81
2021-11-02 04:22:13,835: 19, 27000, 1016.8,0.0625,118.99
2021-11-02 04:24:16,571: 20, 28000, 1025,0.0609,122.74
2021-11-02 04:26:23,236: 21, 29000, 1032.6,0.0594,126.66
2021-11-02 04:28:34,599: 22, 30000, 1041.5,0.0581,131.36
2021-11-02 04:30:49,468: 23, 31000, 1049.6,0.0568,134.87
2021-11-02 04:33:09,072: 24, 32000, 1056.4,0.0555,139.6
2021-11-02 04:35:31,408: 25, 33000, 1062.7,0.0543,142.34
2021-11-02 04:37:57,919: 26, 34000, 1069.1,0.0532,146.51
2021-11-02 04:40:29,248: 27, 35000, 1075.9,0.0521,151.33
2021-11-02 04:43:04,148: 28, 36000, 1082.4,0.0511,154.9
2021-11-02 04:45:43,247: 29, 37000, 1088.2,0.0501,159.1
2021-11-02 04:48:26,097: 30, 38000, 1095.4,0.0492,162.85
2021-11-02 04:48:26,098: total computation time: 3218.5 s
2021-11-02 04:48:26,098: Plotting data and contour
